<?xml version="1.0" encoding="UTF-8"?>
<beans xmlns="http://www.springframework.org/schema/beans" 
	xmlns:xsi="http://www.w3.org/2001/XMLSchema-instance"
	xmlns:jdbc="http://www.springframework.org/schema/jdbc"
	xmlns:jee="http://www.springframework.org/schema/jee"
	xsi:schemaLocation="http://www.springframework.org/schema/beans http://www.springframework.org/schema/beans/spring-beans.xsd
		http://www.springframework.org/schema/jdbc http://www.springframework.org/schema/jdbc/spring-jdbc.xsd">


    <!-- ========================= DATASOURCE DEFINITION ========================= -->


    <!-- DataSource configuration for the tomcat jdbc connection pool -->
    <bean id="dataSource" class="com.mchange.v2.c3p0.ComboPooledDataSource" destroy-method="close">
        <property name="driverClass" value="${jdbc.driverClassName}"/>
        <property name="jdbcUrl" value="${jdbc.url}"/>
        <property name="user" value="${jdbc.username}"/>
        <property name="password" value="${jdbc.password}"/>
        <!-- for c3p0 -->
        <property name="acquireIncrement" value="${jdbc.acquireIncrement}"/>
        <property name="initialPoolSize" value="${jdbc.initialPoolSize}"/>
        <property name="maxPoolSize" value="${jdbc.maxPoolSize}"/>
        <property name="minPoolSize" value="${jdbc.minPoolSize}"/>
        <property name="maxStatements" value="${jdbc.maxStatements}"/>
    </bean>
	
	
	<!-- Database initializer. If any of the script fails, the initialization stops.
    As an alternative, for embedded databases see <jdbc:embedded-database/>. -->
    <beans profile="test">
	    <jdbc:initialize-database data-source="dataSource">
	        <jdbc:script location="${jdbc.initLocation}" encoding="UTF-8"/>
	        <jdbc:script location="${jdbc.dataLocation}" encoding="UTF-8"/>
	    </jdbc:initialize-database>
	</beans>
	
    
</beans>